# This file was automatically created by FeynRules 2.3.32
# Mathematica version: 11.3.0 for Mac OS X x86 (64-bit) (March 7, 2018)
# Date: Sun 5 May 2019 18:01:51


# 
# This is the logfile for the model CHpseudo

# Authors: L. Mason, B. Fuks
# Model version: 1.1
# Checking the Quantum numbers
   * Electric charge defined.
# Checking the Lagrangians
   * All Lagrangians are ok.
#
# Particle definitions
#

   * No particles removed. All particles correspond to GenInt setup.

# Automatically assigned PDG numbers
   * Assigned PDG number 9000001 to particle ghA
   * Assigned PDG number 9000002 to particle ghZ
   * Assigned PDG number 9000003 to particle ghWp
   * Assigned PDG number 9000004 to particle ghWm
   * Assigned PDG number 9000005 to particle eta


# Compulsory PDG codes:
   * Class SM leptons complete.
   * Class SM neutrinos complete.
   * Class SM quarks complete.
   * Class SM gauge bosons complete.
#
# Parameter definitions
#

   * All parameters are ok.


# Vertices
   * Calling FeynmanRules for 1 Lagrangians.
   * Number of classes vertices: 47
   * Number of flavored vertices: 103
   * Saved vertices in InterfaceRun[ 1 ].
   * Checked QNumber conservation.
      - Quantum number GhostNumber conserved in all vertices.
      - Quantum number LeptonNumber conserved in all vertices.
      - Quantum number Q conserved in all vertices.
      - Quantum number Y conserved in all vertices.
   * particles.py written.
   * parameters.py written.
#
# Vertex definitions
#

   * 103 vertices written.
   * vertices.py written.
#
# Lorentz structure definitions
#

   * 25 lorentz structures written.
   * lorentz.py written.
#
# Coupling definitions
#

   >>>> Non positive interaction order QED found for coupling GC_44.
   >>>> Non positive interaction order QED found for coupling GC_47.
   >>>> Non positive interaction order QED found for coupling GC_50.
   >>>> Non positive interaction order QED found for coupling GC_53.
   >>>> Non positive interaction order QED found for coupling GC_56.
   >>>> Non positive interaction order QED found for coupling GC_59.
   >>>> Non positive interaction order QED found for coupling GC_62.
   >>>> Non positive interaction order QED found for coupling GC_65.
   >>>> Non positive interaction order QED found for coupling GC_68.
   * 79 couplings written.
   * couplings.py written.
#
# Coupling order definitions
#

   * 0 couplings orders written.
   * coupling_orders.py written.
#
# Decay definitions
#

   * 13 decays written.
   * decay.py not written
#
# CTCoupling definitions
#

   * 0 CTcouplings written.
   * CT_couplings.py written.
