This file contains any messages produced by compilers while
running configure, to aid debugging if configure makes a mistake.

It was created by this FeynRules model configure for WHIZARD 2.0, which was
generated by GNU Autoconf 2.68.  Invocation command line was

  $ ./configure 

## --------- ##
## Platform. ##
## --------- ##

hostname = lyoext089.in2p3.fr
uname -m = x86_64
uname -r = 18.7.0
uname -s = Darwin
uname -v = Darwin Kernel Version 18.7.0: Tue Aug 20 16:57:14 PDT 2019; root:xnu-4903.271.2~2/RELEASE_X86_64

/usr/bin/uname -p = i386
/bin/uname -X     = unknown

/bin/arch              = unknown
/usr/bin/arch -k       = unknown
/usr/convex/getsysinfo = unknown
/usr/bin/hostinfo      = Mach kernel version:
	 Darwin Kernel Version 18.7.0: Tue Aug 20 16:57:14 PDT 2019; root:xnu-4903.271.2~2/RELEASE_X86_64
Kernel configured for up to 4 processors.
2 processors are physically available.
4 processors are logically available.
Processor type: x86_64h (Intel x86-64h Haswell)
Processors active: 0 1 2 3
Primary memory available: 8.00 gigabytes
Default processor set: 455 tasks, 1978 threads, 4 processors
Load average: 3.18, Mach factor: 1.70
/bin/machine           = unknown
/usr/bin/oslevel       = unknown
/bin/universe          = unknown

PATH: /Users/laramason/.opam/4.06.1/bin
PATH: /Users/laramason/Downloads/whizard-2.8.1
PATH: /opt/local/bin
PATH: /opt/local/sbin
PATH: /Users/laramason/Downloads/cmake-3.10.2/bin
PATH: /usr/local/bin
PATH: /usr/bin
PATH: /bin
PATH: /usr/sbin
PATH: /sbin
PATH: /Applications/VMware Fusion.app/Contents/Public
PATH: /Library/TeX/texbin
PATH: /opt/X11/bin
PATH: /usr/local/Cellar/root/6.16.00/bin
PATH: /usr/local/lib


## ----------- ##
## Core tests. ##
## ----------- ##

configure:1686: collecting information
configure:1736: checking for a BSD-compatible install
configure:1804: result: /usr/bin/install -c
configure:1827: checking for whizard-config
configure:1845: found /usr/local/bin/whizard-config
configure:1858: result: /usr/local/bin/whizard-config
configure:1873: checking for omega-config
configure:1891: found /usr/local/bin/omega-config
configure:1904: result: /usr/local/bin/omega-config
configure:1920: checking for the WHIZARD library path
configure:1924: result: /usr/local/lib/whizard
configure:1928: checking for the WHIZARD data directory
configure:1932: result: /usr/local/share/whizard
configure:1936: checking for the FORTRAN compiler WHIZARD was built with
configure:1940: result: gfortran
configure:1944: checking for the FORTRAN compiler options
configure:1948: result:  -fno-common -g -O2 
configure:1952: checking for the file extension used for FORTRAN modules
configure:1956: result: mod
configure:1960: checking for the WHIZARD libtool
configure:1970: result: /usr/local/lib/whizard/libtool
configure:1975: checking for the O'Mega library path
configure:1979: result: /usr/local/lib/omega
configure:1983: checking for ocamlopt (taken from the O'Mega configuration)
configure:1992: result: /Users/laramason/.opam/4.06.1/bin/ocamlopt.opt
configure:1997: checking for any additional O'Caml flags
configure:2003: result: none
configure:2011: writing Makefiles
configure:2169: creating ./config.status

## ---------------------- ##
## Running config.status. ##
## ---------------------- ##

This file was extended by this FeynRules model config.status for WHIZARD 2.0, which was
generated by GNU Autoconf 2.68.  Invocation command line was

  CONFIG_FILES    = 
  CONFIG_HEADERS  = 
  CONFIG_LINKS    = 
  CONFIG_COMMANDS = 
  $ ./config.status 

on lyoext089.in2p3.fr

config.status:742: creating omega/Makefile
config.status:742: creating whizard/Makefile
config.status:742: creating Makefile
configure:3200: collecting models
configure:3254: writing whizard/Makefile.src
configure:3268: writing omega/Makefile.src

## ---------------- ##
## Cache variables. ##
## ---------------- ##

ac_cv_env_FCFLAGS_set=
ac_cv_env_FCFLAGS_value=
ac_cv_env_WO_CONFIG_set=
ac_cv_env_WO_CONFIG_value=
ac_cv_env_build_alias_set=
ac_cv_env_build_alias_value=
ac_cv_env_host_alias_set=
ac_cv_env_host_alias_value=
ac_cv_env_target_alias_set=
ac_cv_env_target_alias_value=
ac_cv_path_install='/usr/bin/install -c'
ac_cv_path_omega_config=/usr/local/bin/omega-config
ac_cv_path_whizard_config=/usr/local/bin/whizard-config

## ----------------- ##
## Output variables. ##
## ----------------- ##

DEFS='-DPACKAGE_NAME=\"this\ FeynRules\ model\" -DPACKAGE_TARNAME=\"this-feynrules-model\" -DPACKAGE_VERSION=\"for\ WHIZARD\ 2.0\" -DPACKAGE_STRING=\"this\ FeynRules\ model\ for\ WHIZARD\ 2.0\" -DPACKAGE_BUGREPORT=\"\" -DPACKAGE_URL=\"\"'
ECHO_C='\c'
ECHO_N=''
ECHO_T=''
FC='gfortran'
FCFLAGS=' -fno-common -g -O2 '
FC_MODEXT='mod'
INSTALL_DATA='${INSTALL} -m 644'
INSTALL_PROGRAM='${INSTALL}'
INSTALL_SCRIPT='${INSTALL}'
LIBOBJS=''
LIBS=''
LIBTOOL='/usr/local/lib/whizard/libtool'
LTLIBOBJS=''
OCAMLFLAGS=''
OCAMLOPT='/Users/laramason/.opam/4.06.1/bin/ocamlopt.opt'
OMEGA_LIBPATH='/usr/local/lib/omega'
PACKAGE_BUGREPORT=''
PACKAGE_NAME='this FeynRules model'
PACKAGE_STRING='this FeynRules model for WHIZARD 2.0'
PACKAGE_TARNAME='this-feynrules-model'
PACKAGE_URL=''
PACKAGE_VERSION='for WHIZARD 2.0'
PATH_SEPARATOR=':'
SHELL='/bin/sh'
WHIZARD_DATAPATH='/usr/local/share/whizard'
WHIZARD_LIBPATH='/usr/local/lib/whizard'
WO_CONFIG=''
bindir='${exec_prefix}/bin'
build_alias=''
datadir='${datarootdir}'
datarootdir='${prefix}/share'
docdir='${datarootdir}/doc/${PACKAGE_TARNAME}'
dvidir='${docdir}'
exec_prefix='${prefix}'
host_alias=''
htmldir='${docdir}'
includedir='${prefix}/include'
infodir='${datarootdir}/info'
libdir='${exec_prefix}/lib'
libexecdir='${exec_prefix}/libexec'
localedir='${datarootdir}/locale'
localstatedir='${prefix}/var'
mandir='${datarootdir}/man'
oldincludedir='/usr/include'
omega_config='/usr/local/bin/omega-config'
pdfdir='${docdir}'
prefix='/Users/laramason/.whizard'
program_transform_name='s,x,x,'
psdir='${docdir}'
sbindir='${exec_prefix}/sbin'
sharedstatedir='${prefix}/com'
sysconfdir='${prefix}/etc'
target_alias=''
whizard_config='/usr/local/bin/whizard-config'

## ----------- ##
## confdefs.h. ##
## ----------- ##

/* confdefs.h */
#define PACKAGE_NAME "this FeynRules model"
#define PACKAGE_TARNAME "this-feynrules-model"
#define PACKAGE_VERSION "for WHIZARD 2.0"
#define PACKAGE_STRING "this FeynRules model for WHIZARD 2.0"
#define PACKAGE_BUGREPORT ""
#define PACKAGE_URL ""

configure: exit 0
